<?xml version="1.0" encoding="utf-8"?>
<?AutomationStudio Version=3.0?>
<Transfer xmlns="http://br-automation.co.at/AS/Transfer">
  <OperatingSystem Version="D4.91"/>
  <Hardware Target="SG4"/>
  <Operation Delete="Blikanie1s.br"/>
  <Operation Delete="Blikanie50.br"/>
  <Operation Delete="P34_Remane.br"/>
  <Operation Delete="P2_Remanen.br"/>
  <Operation Delete="P1_Remanen.br"/>
  <Operation Delete="P1_Akumula.br"/>
  <Operation Delete="P1_Robot.br"/>
  <Operation Delete="P1_StoperS.br"/>
  <Operation Delete="P1_SpodnyS.br"/>
  <Operation Delete="P1_Dopravn.br"/>
  <Operation Delete="P1_Main.br"/>
  <Operation Delete="Blikanie20.br"/>
  <Operation Delete="Main.br"/>
  <Operation Delete="Blikanie10.br"/>
  <Operation Delete="P1_Srobova.br"/>
  <Operation Delete="P1_Vytah.br"/>
  <Operation Delete="P4_Mappin1.br"/>
  <Operation Delete="P3_Mapping.br"/>
  <Operation Delete="P2_Mapping.br"/>
  <Operation Delete="P1_Mapping.br"/>
  <Operation Delete="RFID.br"/>
  <Operation Delete="MpAlarmX.br"/>
  <Operation Delete="SKTcp.br"/>
  <Operation Delete="CoTrace.br"/>
  <Operation Delete="mvLoader.br"/>
  <Operation Delete="MpRecipe.br"/>
  <Operation Delete="AtlasCopco.br"/>
  <Operation Delete="Banner.br"/>
  <Operation Delete="SC.br"/>
  <Operation Delete="RoCa_Festo.br"/>
  <Operation Delete="RFID_Heads.br"/>
  <Operation Delete="SkrutSety.br"/>
  <Operation Delete="ScrewLoad.br"/>
  <Operation Delete="MyConvert.br"/>
  <Operation Delete="dvframe.br"/>
  <Operation Delete="AsUSB.br"/>
  <Operation Delete="dataobj.br"/>
  <Operation Delete="MpBase.br"/>
  <Operation Delete="AsTCP.br"/>
  <Operation Delete="IecCheck.br"/>
  <Operation Delete="sys_lib.br"/>
  <Operation Delete="AsIecCon.br"/>
  <Operation Delete="astime.br"/>
  <Operation Delete="AsZip.br"/>
  <Operation Delete="arssl.br"/>
  <Operation Delete="McBase.br"/>
  <Operation Delete="arflatprv.br"/>
  <Operation Delete="arcoal.br"/>
  <Operation Delete="FileIO.br"/>
  <Operation Download="ashwd.br" Memory="SystemROM"/>
  <Operation Download="asfw.br" Memory="SystemROM"/>
  <Operation Download="asnxdb2.br" Memory="SystemROM"/>
  <Operation Download="asnxdb1.br" Memory="SystemROM"/>
  <Operation Download="asnxdb3.br" Memory="SystemROM"/>
  <Operation Download="arconfig.br" Memory="SystemROM"/>
  <Operation Download="sysconf.br" Memory="SystemROM"/>
  <Operation Restart="warm"/>
  <Operation Download="mcdrivelog.br" Memory="UserROM"/>
  <Operation Download="arsvcreg.br" Memory="UserROM"/>
  <Operation Download="Runtime.br" Memory="UserROM"/>
  <Operation Download="FileIO.br" Memory="UserROM"/>
  <Operation Download="arcoal.br" Memory="UserROM"/>
  <Operation Download="arflatprv.br" Memory="UserROM"/>
  <Operation Download="McBase.br" Memory="UserROM"/>
  <Operation Restart="warm"/>
  <Operation Download="arssl.br" Memory="UserROM"/>
  <Operation Download="standard.br" Memory="UserROM"/>
  <Operation Download="AsBrStr.br" Memory="UserROM"/>
  <Operation Download="AsZip.br" Memory="UserROM"/>
  <Operation Download="astime.br" Memory="UserROM"/>
  <Operation Download="AsIecCon.br" Memory="UserROM"/>
  <Operation Download="sys_lib.br" Memory="UserROM"/>
  <Operation Download="IecCheck.br" Memory="UserROM"/>
  <Operation Download="AsTCP.br" Memory="UserROM"/>
  <Operation Download="asstring.br" Memory="UserROM"/>
  <Operation Download="MpBase.br" Memory="UserROM"/>
  <Operation Download="dataobj.br" Memory="UserROM"/>
  <Operation Download="AsUSB.br" Memory="UserROM"/>
  <Operation Download="dvframe.br" Memory="UserROM"/>
  <Operation Download="MyConvert.br" Memory="UserROM"/>
  <Operation Download="ScrewLoad.br" Memory="UserROM"/>
  <Operation Download="SkrutSety.br" Memory="UserROM"/>
  <Operation Download="RFID_Heads.br" Memory="UserROM"/>
  <Operation Download="RoCa_Festo.br" Memory="UserROM"/>
  <Operation Download="SC.br" Memory="UserROM"/>
  <Operation Download="Banner.br" Memory="UserROM"/>
  <Operation Download="AtlasCopco.br" Memory="UserROM"/>
  <Operation Download="MpRecipe.br" Memory="UserROM"/>
  <Operation Download="FWRules.br" Memory="UserROM"/>
  <Operation Download="TCData.br" Memory="SystemROM"/>
  <Operation Download="mvLoader.br" Memory="UserROM"/>
  <Operation Download="udbdef.br" Memory="UserROM"/>
  <Operation Download="mCoWebSc.br" Memory="UserROM"/>
  <Operation Download="User.br" Memory="UserROM"/>
  <Operation Download="iomap.br" Memory="UserROM"/>
  <Operation Download="Role.br" Memory="UserROM"/>
  <Operation Download="ashwac.br" Memory="UserROM"/>
  <Operation Download="Config_2.br" Memory="UserROM"/>
  <Operation Download="Config.br" Memory="UserROM"/>
  <Operation Download="Config_3.br" Memory="UserROM"/>
  <Operation Download="Config_4.br" Memory="UserROM"/>
  <Operation Download="Config_1.br" Memory="UserROM"/>
  <Operation Download="Config_5.br" Memory="UserROM"/>
  <Operation Download="CoTrace.br" Memory="UserROM"/>
  <Operation Download="Operator.br" Memory="UserROM"/>
  <Operation Download="SKTcp.br" Memory="UserROM"/>
  <Operation Download="MpAlarmX.br" Memory="UserROM"/>
  <Operation Download="RFID.br" Memory="UserROM"/>
  <Operation Download="P1_Mapping.br" Memory="UserROM"/>
  <Operation Download="P2_Mapping.br" Memory="UserROM"/>
  <Operation Download="P3_Mapping.br" Memory="UserROM"/>
  <Operation Download="P4_Mappin1.br" Memory="UserROM"/>
  <Operation Download="P1_Vytah.br" Memory="UserROM"/>
  <Operation Download="P1_Srobova.br" Memory="UserROM"/>
  <Operation Download="Blikanie10.br" Memory="UserROM"/>
  <Operation Download="Main.br" Memory="UserROM"/>
  <Operation Download="Blikanie20.br" Memory="UserROM"/>
  <Operation Download="P1_Main.br" Memory="UserROM"/>
  <Operation Download="P1_Dopravn.br" Memory="UserROM"/>
  <Operation Download="P1_SpodnyS.br" Memory="UserROM"/>
  <Operation Download="P1_StoperS.br" Memory="UserROM"/>
  <Operation Download="P1_Robot.br" Memory="UserROM"/>
  <Operation Download="P1_Akumula.br" Memory="UserROM"/>
  <Operation Download="P1_Remanen.br" Memory="UserROM"/>
  <Operation Download="P2_Remanen.br" Memory="UserROM"/>
  <Operation Download="P34_Remane.br" Memory="UserROM"/>
  <Operation Download="Blikanie50.br" Memory="UserROM"/>
  <Operation Download="Blikanie1s.br" Memory="UserROM"/>
</Transfer>